<?xml version="1.0" encoding="UTF-8"?>
<testsuite xmlns:xsi="http://www.w3.org/2001/XMLSchema-instance" xsi:noNamespaceSchemaLocation="https://maven.apache.org/surefire/maven-surefire-plugin/xsd/surefire-test-report.xsd" name="com.pds.smartUs.BackEnd.appback.services.habitation.ProductionServiceTest" time="2.51" tests="4" errors="0" skipped="3" failures="1">
  <properties>
[...]
</properties>
  <testcase name="getProductionsOfProducersShouldReturnAllProducteurWithTheirlast10Productions" classname="com.pds.smartUs.BackEnd.appback.services.habitation.ProductionServiceTest" time="0.005">
    <failure message="expected: &lt;true&gt; but was: &lt;false&gt;" type="org.opentest4j.AssertionFailedError"><![CDATA[org.opentest4j.AssertionFailedError: expected: <true> but was: <false>
	at com.pds.smartUs.BackEnd.appback.services.habitation.ProductionServiceTest.getProductionsOfProducersShouldReturnAllProducteurWithTheirlast10Productions(ProductionServiceTest.java:110)
]]></failure>
    <system-out><![CDATA[2022-05-09 23:19:43.701  INFO 59163 --- [           main] .b.t.c.SpringBootTestContextBootstrapper : Neither @ContextConfiguration nor @ContextHierarchy found for test class [com.pds.smartUs.BackEnd.appback.services.habitation.ProductionServiceTest], using SpringBootContextLoader
2022-05-09 23:19:43.702  INFO 59163 --- [           main] o.s.t.c.support.AbstractContextLoader    : Could not detect default resource locations for test class [com.pds.smartUs.BackEnd.appback.services.habitation.ProductionServiceTest]: no resource found for suffixes {-context.xml, Context.groovy}.
2022-05-09 23:19:43.702  INFO 59163 --- [           main] t.c.s.AnnotationConfigContextLoaderUtils : Could not detect default configuration classes for test class [com.pds.smartUs.BackEnd.appback.services.habitation.ProductionServiceTest]: ProductionServiceTest does not declare any static, non-private, non-final, nested classes annotated with @Configuration.
2022-05-09 23:19:43.713  INFO 59163 --- [           main] .b.t.c.SpringBootTestContextBootstrapper : Found @SpringBootConfiguration com.pds.smartUs.BackEnd.appback.AppBackApplication for test class com.pds.smartUs.BackEnd.appback.services.habitation.ProductionServiceTest
2022-05-09 23:19:43.716  INFO 59163 --- [           main] .b.t.c.SpringBootTestContextBootstrapper : Loaded default TestExecutionListener class names from location [META-INF/spring.factories]: [org.springframework.security.test.context.support.WithSecurityContextTestExecutionListener, org.springframework.security.test.context.support.ReactorContextTestExecutionListener, org.springframework.test.context.web.ServletTestExecutionListener, org.springframework.test.context.support.DirtiesContextBeforeModesTestExecutionListener, org.springframework.test.context.event.ApplicationEventsTestExecutionListener, org.springframework.test.context.support.DependencyInjectionTestExecutionListener, org.springframework.test.context.support.DirtiesContextTestExecutionListener, org.springframework.test.context.transaction.TransactionalTestExecutionListener, org.springframework.test.context.jdbc.SqlScriptsTestExecutionListener, org.springframework.test.context.event.EventPublishingTestExecutionListener, org.springframework.boot.test.mock.mockito.MockitoTestExecutionListener, org.springframework.boot.test.mock.mockito.ResetMocksTestExecutionListener, org.springframework.boot.test.autoconfigure.restdocs.RestDocsTestExecutionListener, org.springframework.boot.test.autoconfigure.web.client.MockRestServiceServerResetTestExecutionListener, org.springframework.boot.test.autoconfigure.web.servlet.MockMvcPrintOnlyOnFailureTestExecutionListener, org.springframework.boot.test.autoconfigure.web.servlet.WebDriverTestExecutionListener, org.springframework.boot.test.autoconfigure.webservices.client.MockWebServiceServerTestExecutionListener]
2022-05-09 23:19:43.717  INFO 59163 --- [           main] .b.t.c.SpringBootTestContextBootstrapper : Using TestExecutionListeners: [org.springframework.test.context.web.ServletTestExecutionListener@4e739968, org.springframework.test.context.support.DirtiesContextBeforeModesTestExecutionListener@71d2bc34, org.springframework.test.context.event.ApplicationEventsTestExecutionListener@2e903c69, org.springframework.boot.test.mock.mockito.MockitoTestExecutionListener@1dc37d4f, org.springframework.boot.test.autoconfigure.SpringBootDependencyInjectionTestExecutionListener@4f290f46, org.springframework.test.context.support.DirtiesContextTestExecutionListener@2bfe398b, org.springframework.test.context.transaction.TransactionalTestExecutionListener@4a23be9, org.springframework.test.context.jdbc.SqlScriptsTestExecutionListener@20d1737, org.springframework.security.test.context.support.WithSecurityContextTestExecutionListener@5d96b0f, org.springframework.test.context.event.EventPublishingTestExecutionListener@5f31385e, org.springframework.security.test.context.support.ReactorContextTestExecutionListener@4a592d22, org.springframework.boot.test.mock.mockito.ResetMocksTestExecutionListener@20072ff1, org.springframework.boot.test.autoconfigure.restdocs.RestDocsTestExecutionListener@6e48b9ed, org.springframework.boot.test.autoconfigure.web.client.MockRestServiceServerResetTestExecutionListener@38ed9fb2, org.springframework.boot.test.autoconfigure.web.servlet.MockMvcPrintOnlyOnFailureTestExecutionListener@3bde85b0, org.springframework.boot.test.autoconfigure.web.servlet.WebDriverTestExecutionListener@22bf4d9d, org.springframework.boot.test.autoconfigure.webservices.client.MockWebServiceServerTestExecutionListener@9930ff6]

  .   ____          _            __ _ _
 /\\ / ___'_ __ _ _(_)_ __  __ _ \ \ \ \
( ( )\___ | '_ | '_| | '_ \/ _` | \ \ \ \
 \\/  ___)| |_)| | | | | || (_| |  ) ) ) )
  '  |____| .__|_| |_|_| |_\__, | / / / /
 =========|_|==============|___/=/_/_/_/
 :: Spring Boot ::                (v2.5.4)

2022-05-09 23:19:43.762  INFO 59163 --- [           main] c.p.s.B.a.s.h.ProductionServiceTest      : Starting ProductionServiceTest using Java 16.0.2 on episen-HP-250-G7-Notebook-PC with PID 59163 (started by episen in /home/episen/Helmi/Projet_PDS2/app-back)
2022-05-09 23:19:43.764  INFO 59163 --- [           main] c.p.s.B.a.s.h.ProductionServiceTest      : No active profile set, falling back to default profiles: default
2022-05-09 23:19:44.117  INFO 59163 --- [           main] .s.d.r.c.RepositoryConfigurationDelegate : Bootstrapping Spring Data JPA repositories in DEFAULT mode.
2022-05-09 23:19:44.197  INFO 59163 --- [           main] .s.d.r.c.RepositoryConfigurationDelegate : Finished Spring Data repository scanning in 79 ms. Found 40 JPA repository interfaces.
2022-05-09 23:19:44.480  INFO 59163 --- [           main] com.zaxxer.hikari.HikariDataSource       : HikariPool-2 - Starting...
2022-05-09 23:19:44.482  INFO 59163 --- [           main] com.zaxxer.hikari.HikariDataSource       : HikariPool-2 - Start completed.
2022-05-09 23:19:44.506  INFO 59163 --- [           main] o.hibernate.jpa.internal.util.LogHelper  : HHH000204: Processing PersistenceUnitInfo [name: default]
2022-05-09 23:19:44.510  INFO 59163 --- [           main] org.hibernate.dialect.Dialect            : HHH000400: Using dialect: org.hibernate.dialect.H2Dialect
2022-05-09 23:19:45.007  INFO 59163 --- [           main] o.h.e.t.j.p.i.JtaPlatformInitiator       : HHH000490: Using JtaPlatform implementation: [org.hibernate.engine.transaction.jta.platform.internal.NoJtaPlatform]
2022-05-09 23:19:45.007  INFO 59163 --- [           main] j.LocalContainerEntityManagerFactoryBean : Initialized JPA EntityManagerFactory for persistence unit 'default'
etape 4
2022-05-09 23:19:45.257  INFO 59163 --- [           main] f.a.AutowiredAnnotationBeanPostProcessor : Autowired annotation is not supported on static fields: private static com.pds.smartUs.BackEnd.appback.repositories.habitation.DayParametersRepository com.pds.smartUs.BackEnd.appback.services.habitation.DayParametersService.dayParametersRepository
2022-05-09 23:19:45.762  WARN 59163 --- [           main] c.p.s.B.a.c.smartgrid.SmartGridExecutor  : SmartGrid Executor Startup
2022-05-09 23:19:45.806  WARN 59163 --- [           main] JpaBaseConfiguration$JpaWebConfiguration : spring.jpa.open-in-view is enabled by default. Therefore, database queries may be performed during view rendering. Explicitly configure spring.jpa.open-in-view to disable this warning
2022-05-09 23:19:45.832  INFO 59163 --- [           main] f.a.AutowiredAnnotationBeanPostProcessor : Autowired annotation is not supported on static fields: private static java.lang.String com.pds.smartUs.BackEnd.appback.simulator.config.GlobalVariables.SIMULATOR_HOST
2022-05-09 23:19:45.832  INFO 59163 --- [           main] f.a.AutowiredAnnotationBeanPostProcessor : Autowired annotation is not supported on static fields: private static int com.pds.smartUs.BackEnd.appback.simulator.config.GlobalVariables.SIMULATOR_PORT
2022-05-09 23:19:45.832  INFO 59163 --- [           main] f.a.AutowiredAnnotationBeanPostProcessor : Autowired annotation is not supported on static fields: private static java.lang.String com.pds.smartUs.BackEnd.appback.simulator.config.GlobalVariables.CONDITION_ENDPOINT
2022-05-09 23:19:45.868  INFO 59163 --- [           main] .s.s.UserDetailsServiceAutoConfiguration : 

Using generated security password: 412a0a16-4b27-43c8-ab1f-b6eae9784041

2022-05-09 23:19:45.893  INFO 59163 --- [           main] o.s.s.web.DefaultSecurityFilterChain     : Will secure any request with [org.springframework.security.web.context.request.async.WebAsyncManagerIntegrationFilter@7d9f0cf4, org.springframework.security.web.context.SecurityContextPersistenceFilter@104861ff, org.springframework.security.web.header.HeaderWriterFilter@652a16a8, org.springframework.web.filter.CorsFilter@d0c35a8, org.springframework.security.web.authentication.logout.LogoutFilter@6e3f38c1, org.springframework.security.web.savedrequest.RequestCacheAwareFilter@3564caf8, org.springframework.security.web.servletapi.SecurityContextHolderAwareRequestFilter@ce15aa, org.springframework.security.web.authentication.AnonymousAuthenticationFilter@6fcd767a, org.springframework.security.web.session.SessionManagementFilter@7b78c40d, org.springframework.security.web.access.ExceptionTranslationFilter@470c40be]
2022-05-09 23:19:46.202  INFO 59163 --- [           main] c.p.s.B.a.s.h.ProductionServiceTest      : Started ProductionServiceTest in 2.481 seconds (JVM running for 13.741)
]]></system-out>
    <system-err><![CDATA[Exception in thread "Thread-7" java.lang.NullPointerException: Cannot invoke "com.pds.smartUs.BackEnd.appback.entities.globalconfigs.GlobalParam.getParamValue()" because the return value of "com.pds.smartUs.BackEnd.appback.repositories.globalconfigs.GlobalParamsRepository.getGlobalParamByParamName(String)" is null
	at com.pds.smartUs.BackEnd.appback.services.globalconfigs.GlobalParamsService.getParamValue(GlobalParamsService.java:22)
	at com.pds.smartUs.BackEnd.appback.simulator.workers.SimulatorRequester.makeRequest(SimulatorRequester.java:38)
	at com.pds.smartUs.BackEnd.appback.simulator.workers.SimulatorRequester.run(SimulatorRequester.java:24)
	at java.base/java.lang.Thread.run(Thread.java:831)
Exception in thread "Thread-8" java.lang.NullPointerException: Cannot invoke "com.pds.smartUs.BackEnd.appback.entities.globalconfigs.GlobalParam.getParamValue()" because the return value of "com.pds.smartUs.BackEnd.appback.repositories.globalconfigs.GlobalParamsRepository.getGlobalParamByParamName(String)" is null
	at com.pds.smartUs.BackEnd.appback.services.globalconfigs.GlobalParamsService.getParamValue(GlobalParamsService.java:22)
	at com.pds.smartUs.BackEnd.appback.simulator.workers.SimulatorRequester.makeRequest(SimulatorRequester.java:38)
	at com.pds.smartUs.BackEnd.appback.simulator.workers.SimulatorRequester.getSimulatorResponse(SimulatorRequester.java:32)
	at com.pds.smartUs.BackEnd.appback.simulator.workers.ProdConsGenerator.run(ProdConsGenerator.java:36)
	at java.base/java.lang.Thread.run(Thread.java:831)
Exception in thread "[SmartGrid-Thread] Main Thread" java.lang.NullPointerException: Cannot invoke "com.pds.smartUs.BackEnd.appback.entities.globalconfigs.FeatureFlagEntity.getFlagValue()" because the return value of "com.pds.smartUs.BackEnd.appback.repositories.globalconfigs.FeatureFlagsRepository.getFeatureFlagEntityByFlagName(String)" is null
	at com.pds.smartUs.BackEnd.appback.services.globalconfigs.FeatureFlagService.getFlagStatusByName(FeatureFlagService.java:21)
	at com.pds.smartUs.BackEnd.appback.simulator.workers.SmartGrid.run(SmartGrid.java:121)
	at java.base/java.util.concurrent.ThreadPoolExecutor.runWorker(ThreadPoolExecutor.java:1130)
	at java.base/java.util.concurrent.ThreadPoolExecutor$Worker.run(ThreadPoolExecutor.java:630)
	at java.base/java.lang.Thread.run(Thread.java:831)
Exception in thread "[SmartGrid-Thread] Capacities Generator Thread" java.lang.NullPointerException: Cannot invoke "com.pds.smartUs.BackEnd.appback.entities.globalconfigs.GlobalParam.getParamValue()" because the return value of "com.pds.smartUs.BackEnd.appback.repositories.globalconfigs.GlobalParamsRepository.getGlobalParamByParamName(String)" is null
	at com.pds.smartUs.BackEnd.appback.services.globalconfigs.GlobalParamsService.getParamValue(GlobalParamsService.java:22)
	at com.pds.smartUs.BackEnd.appback.simulator.workers.SimulatorRequester.makeRequest(SimulatorRequester.java:38)
	at com.pds.smartUs.BackEnd.appback.simulator.workers.SimulatorRequester.getSimulatorResponse(SimulatorRequester.java:32)
	at com.pds.smartUs.BackEnd.appback.simulator.workers.RealTimeCapacityGenerator.run(RealTimeCapacityGenerator.java:43)
	at java.base/java.lang.Thread.run(Thread.java:831)
]]></system-err>
  </testcase>
  <testcase name="getProducteursBybeposShouldReturnAllProducteurByBeposIdWillThrowWhenBeposIdNotfound" classname="com.pds.smartUs.BackEnd.appback.services.habitation.ProductionServiceTest" time="0">
    <skipped message="void com.pds.smartUs.BackEnd.appback.services.habitation.ProductionServiceTest.getProducteursBybeposShouldReturnAllProducteurByBeposIdWillThrowWhenBeposIdNotfound() throws java.lang.Exception is @Disabled"/>
  </testcase>
  <testcase name="getProductionsOfProducersBydate" classname="com.pds.smartUs.BackEnd.appback.services.habitation.ProductionServiceTest" time="0">
    <skipped message="void com.pds.smartUs.BackEnd.appback.services.habitation.ProductionServiceTest.getProductionsOfProducersBydate() is @Disabled"/>
  </testcase>
  <testcase name="getProducteursBybeposShouldReturnAllProducteurByBeposId" classname="com.pds.smartUs.BackEnd.appback.services.habitation.ProductionServiceTest" time="0">
    <skipped message="void com.pds.smartUs.BackEnd.appback.services.habitation.ProductionServiceTest.getProducteursBybeposShouldReturnAllProducteurByBeposId() is @Disabled"/>
  </testcase>
</testsuite>